Warning: QPainter::begin: Paint device returned engine == 0, type: 1
Warning: QPainter::setPen: Painter not active
Warning: QPainter::setBrush: Painter not active
Warning: QPainter::setRenderHint: Painter must be active to set rendering hints
Warning: QPainter::setPen: Painter not active
Debug: "15:13:12 ..\..\src\propertyslider.cpp:315 EV: Set Volume" 
Debug: "15:13:12 ..\..\src\propertyslider.cpp:315 EV: Set Volume" 
Debug: "15:13:12 ..\..\src\propertyslider.cpp:315 EV: Set Volume" 
Debug: "15:13:12 ..\..\src\propertyslider.cpp:315 EV: Set Volume" 
Debug: "15:13:12 ..\..\src\propertyslider.cpp:315 EV: Set Volume" 
Debug: "15:13:12 ..\..\src\propertyslider.cpp:315 EV: Set Volume" 
Debug: "15:13:12 ..\..\src\propertyslider.cpp:315 EV: Set Volume" 
Debug: "15:13:12 ..\..\src\propertyslider.cpp:315 EV: Set Volume" 
Debug: "15:13:12 ..\..\src\propertyslider.cpp:315 EV: Set Volume" 
Debug: "15:13:12 ..\..\src\propertyslider.cpp:315 EV: Set Volume" 
Debug: "15:13:12 ..\..\src\propertyslider.cpp:315 EV: Set Volume" 
Debug: "15:13:12 ..\..\src\propertyslider.cpp:315 EV: Set Volume" 
Debug: "15:13:12 ..\..\src\propertyslider.cpp:315 EV: Set Volume" 
Debug: "15:13:12 ..\..\src\propertyslider.cpp:315 EV: Set Volume" 
Debug: "15:13:12 ..\..\src\propertyslider.cpp:315 EV: Set Volume" 
Debug: "15:13:12 ..\..\src\propertyslider.cpp:315 EV: Set Volume" 
Debug: "15:13:13 ..\..\src\propertyslider.cpp:315 EV: Set Volume" 
Debug: "15:13:13 ..\..\src\propertyslider.cpp:315 EV: Set Volume" 
Debug: "15:13:13 ..\..\src\propertyslider.cpp:315 EV: Set Volume" 
Debug: "15:13:13 ..\..\src\propertyslider.cpp:315 EV: Set Volume" 
Debug: "15:13:13 ..\..\src\propertyslider.cpp:315 EV: Set Volume" 
Debug: "15:13:13 ..\..\src\propertyslider.cpp:315 EV: Set Volume" 
Debug: "15:13:13 ..\..\src\propertyslider.cpp:315 EV: Set Volume" 
Debug: "15:13:13 ..\..\src\propertyslider.cpp:315 EV: Set Volume" 
Debug: "15:13:13 ..\..\src\propertyslider.cpp:315 EV: Set Volume" 
Debug: "15:13:13 ..\..\src\propertyslider.cpp:315 EV: Set Volume" 
Debug: "15:13:13 ..\..\src\propertyslider.cpp:315 EV: Set Volume" 
Debug: "15:13:13 ..\..\src\propertyslider.cpp:315 EV: Set Volume" 
Debug: "15:13:13 ..\..\src\propertyslider.cpp:315 EV: Set Volume" 
Debug: "15:13:13 ..\..\src\propertyslider.cpp:315 EV: Set Volume" 
Debug: "15:13:13 ..\..\src\propertyslider.cpp:315 EV: Set Volume" 
Debug: "15:13:13 ..\..\src\propertyslider.cpp:315 EV: Set Volume" 
Debug: "15:13:13 ..\..\src\propertyslider.cpp:315 EV: Set Volume" 
Debug: "15:13:13 ..\..\src\propertyslider.cpp:315 EV: Set Volume" 
Debug: "15:13:13 ..\..\src\propertyslider.cpp:315 EV: Set Volume" 
Debug: "15:13:13 ..\..\src\propertyslider.cpp:315 EV: Set Volume" 
Debug: "15:13:13 ..\..\src\propertyslider.cpp:315 EV: Set Volume" 
Debug: "15:13:13 ..\..\src\propertyslider.cpp:315 EV: Set Volume" 
Debug: "15:13:13 ..\..\src\propertyslider.cpp:315 EV: Set Volume" 
Debug: "15:13:13 ..\..\src\propertyslider.cpp:315 EV: Set Volume" 
Debug: "15:13:13 ..\..\src\propertyslider.cpp:315 EV: Set Volume" 
Debug: "15:13:13 ..\..\src\propertyslider.cpp:315 EV: Set Volume" 
Debug: "15:13:13 ..\..\src\propertyslider.cpp:315 EV: Set Volume" 
Debug: "15:13:13 ..\..\src\propertyslider.cpp:315 EV: Set Volume" 
Debug: "15:13:13 ..\..\src\propertyslider.cpp:315 EV: Set Volume" 
Debug: "15:13:13 ..\..\src\propertyslider.cpp:315 EV: Set Volume" 
Debug: "15:13:13 ..\..\src\propertyslider.cpp:315 EV: Set Volume" 
Debug: "15:13:13 ..\..\src\propertyslider.cpp:315 EV: Set Volume" 
Debug: "15:13:13 ..\..\src\propertyslider.cpp:315 EV: Set Volume" 
Debug: "15:13:13 ..\..\src\propertyslider.cpp:315 EV: Set Volume" 
Debug: "15:13:13 ..\..\src\propertyslider.cpp:315 EV: Set Volume" 
Debug: "15:13:13 ..\..\src\propertyslider.cpp:315 EV: Set Volume" 
Debug: "15:13:13 ..\..\src\propertyslider.cpp:315 EV: Set Volume" 
Debug: "15:13:13 ..\..\src\propertyslider.cpp:315 EV: Set Volume" 
Debug: "15:13:13 ..\..\src\propertyslider.cpp:315 EV: Set Volume" 
Debug: "15:13:13 ..\..\src\propertyslider.cpp:315 EV: Set Volume" 
Debug: "15:13:13 ..\..\src\propertyslider.cpp:315 EV: Set Volume" 
Debug: "15:13:13 ..\..\src\propertyslider.cpp:315 EV: Set Volume" 
Debug: "15:13:13 ..\..\src\propertyslider.cpp:315 EV: Set Volume" 
Debug: "15:13:13 ..\..\src\propertyslider.cpp:315 EV: Set Volume" 
Debug: "15:13:13 ..\..\src\propertyslider.cpp:315 EV: Set Volume" 
Debug: "15:13:13 ..\..\src\propertyslider.cpp:315 EV: Set Volume" 
Debug: "15:13:13 ..\..\src\propertyslider.cpp:315 EV: Set Volume" 
Debug: "15:13:13 ..\..\src\propertyslider.cpp:315 EV: Set Volume" 
Debug: "15:13:13 ..\..\src\propertyslider.cpp:315 EV: Set Volume" 
Debug: "15:13:13 ..\..\src\propertyslider.cpp:315 EV: Set Volume" 
Debug: "15:13:13 ..\..\src\propertyslider.cpp:315 EV: Set Volume" 
Debug: "15:13:13 ..\..\src\propertyslider.cpp:315 EV: Set Volume" 
Debug: "15:13:13 ..\..\src\propertyslider.cpp:315 EV: Set Volume" 
Debug: "15:13:13 ..\..\src\propertyslider.cpp:315 EV: Set Volume" 
Debug: "15:13:13 ..\..\src\propertyslider.cpp:315 EV: Set Volume" 
Debug: "15:13:13 ..\..\src\propertyslider.cpp:315 EV: Set Volume" 
Debug: "15:13:13 ..\..\src\propertyslider.cpp:315 EV: Set Volume" 
Debug: "15:13:13 ..\..\src\propertyslider.cpp:315 EV: Set Volume" 
Debug: "15:13:13 ..\..\src\propertyslider.cpp:315 EV: Set Volume" 
Debug: "15:13:13 ..\..\src\propertyslider.cpp:315 EV: Set Volume" 
Debug: "15:13:13 ..\..\src\propertyslider.cpp:315 EV: Set Volume" 
Debug: "15:13:13 ..\..\src\propertyslider.cpp:315 EV: Set Volume" 
Debug: "15:13:13 ..\..\src\propertyslider.cpp:315 EV: Set Volume" 
Debug: "15:13:13 ..\..\src\propertyslider.cpp:315 EV: Set Volume" 
Debug: "15:13:13 ..\..\src\propertyslider.cpp:315 EV: Set Volume" 
Debug: "15:13:14 ..\..\src\propertyslider.cpp:315 EV: Set Volume" 
Debug: "15:13:14 ..\..\src\propertyslider.cpp:315 EV: Set Volume" 
Debug: "15:13:14 ..\..\src\propertyslider.cpp:315 EV: Set Volume" 
Debug: "15:13:14 ..\..\src\propertyslider.cpp:315 EV: Set Volume" 
Debug: "15:13:14 ..\..\src\propertyslider.cpp:315 EV: Set Volume" 
Debug: "15:13:15 ..\..\src\propertyslider.cpp:315 EV: Set Volume" 
Debug: "15:13:15 ..\..\src\propertyslider.cpp:315 EV: Set Volume" 
Debug: "15:13:15 ..\..\src\propertyslider.cpp:315 EV: Set Volume" 
Debug: "15:13:15 ..\..\src\propertyslider.cpp:315 EV: Set Volume" 
Debug: "15:13:15 ..\..\src\propertyslider.cpp:315 EV: Set Volume" 
Debug: "15:13:15 ..\..\src\propertyslider.cpp:315 EV: Set Volume" 
Debug: "15:13:15 ..\..\src\propertyslider.cpp:315 EV: Set Volume" 
Debug: "15:13:20 ..\..\src\propertyslider.cpp:315 EV: Set Volume" 
Debug: "15:13:20 ..\..\src\propertyslider.cpp:315 EV: Set Volume" 
Debug: "15:13:20 ..\..\src\propertyslider.cpp:315 EV: Set Volume" 
Debug: "15:13:21 ..\..\src\propertyslider.cpp:315 EV: Set Volume" 
Debug: "15:13:21 ..\..\src\propertyslider.cpp:315 EV: Set Volume" 
Debug: "15:13:21 ..\..\src\propertyslider.cpp:315 EV: Set Volume" 
Debug: "15:13:21 ..\..\src\propertyslider.cpp:315 EV: Set Volume" 
Debug: "15:13:21 ..\..\src\propertyslider.cpp:315 EV: Set Volume" 
Debug: "15:13:21 ..\..\src\propertyslider.cpp:315 EV: Set Volume" 
Debug: "15:13:21 ..\..\src\propertyslider.cpp:315 EV: Set Volume" 
Debug: "15:13:21 ..\..\src\propertyslider.cpp:315 EV: Set Volume" 
Debug: "15:13:21 ..\..\src\propertyslider.cpp:315 EV: Set Volume" 
Debug: "15:13:21 ..\..\src\propertyslider.cpp:315 EV: Set Volume" 
Debug: "15:13:21 ..\..\src\propertyslider.cpp:315 EV: Set Volume" 
Debug: "15:13:21 ..\..\src\propertyslider.cpp:315 EV: Set Volume" 
Debug: "15:13:21 ..\..\src\propertyslider.cpp:315 EV: Set Volume" 
Debug: "15:13:21 ..\..\src\propertyslider.cpp:315 EV: Set Volume" 
Debug: "15:13:21 ..\..\src\propertyslider.cpp:315 EV: Set Volume" 
Debug: "15:13:21 ..\..\src\propertyslider.cpp:315 EV: Set Volume" 
Debug: "15:13:21 ..\..\src\propertyslider.cpp:315 EV: Set Volume" 
Debug: "15:13:21 ..\..\src\propertyslider.cpp:315 EV: Set Volume" 
Debug: "15:13:21 ..\..\src\propertyslider.cpp:315 EV: Set Volume" 
Debug: "15:13:21 ..\..\src\propertyslider.cpp:315 EV: Set Volume" 
Debug: "15:13:21 ..\..\src\propertyslider.cpp:315 EV: Set Volume" 
Debug: "15:13:21 ..\..\src\propertyslider.cpp:315 EV: Set Volume" 
Debug: "15:13:21 ..\..\src\propertyslider.cpp:315 EV: Set Volume" 
Debug: "15:13:21 ..\..\src\propertyslider.cpp:315 EV: Set Volume" 
Debug: "15:13:21 ..\..\src\propertyslider.cpp:315 EV: Set Volume" 
Debug: "15:13:21 ..\..\src\propertyslider.cpp:315 EV: Set Volume" 
Debug: "15:13:21 ..\..\src\propertyslider.cpp:315 EV: Set Volume" 
Debug: "15:13:21 ..\..\src\propertyslider.cpp:315 EV: Set Volume" 
Debug: "15:13:21 ..\..\src\propertyslider.cpp:315 EV: Set Volume" 
Debug: "15:13:21 ..\..\src\propertyslider.cpp:315 EV: Set Volume" 
Debug: "15:13:21 ..\..\src\propertyslider.cpp:315 EV: Set Volume" 
Debug: "15:13:21 ..\..\src\propertyslider.cpp:315 EV: Set Volume" 
Debug: "15:13:21 ..\..\src\propertyslider.cpp:315 EV: Set Volume" 
Debug: "15:13:21 ..\..\src\propertyslider.cpp:315 EV: Set Volume" 
Debug: "15:13:21 ..\..\src\propertyslider.cpp:315 EV: Set Volume" 
Debug: "15:13:21 ..\..\src\propertyslider.cpp:315 EV: Set Volume" 
Debug: "15:13:21 ..\..\src\propertyslider.cpp:315 EV: Set Volume" 
Debug: "15:13:21 ..\..\src\propertyslider.cpp:315 EV: Set Volume" 
Debug: "15:13:21 ..\..\src\propertyslider.cpp:315 EV: Set Volume" 
Debug: "15:13:21 ..\..\src\propertyslider.cpp:315 EV: Set Volume" 
Debug: "15:13:21 ..\..\src\propertyslider.cpp:315 EV: Set Volume" 
Debug: "15:13:21 ..\..\src\propertyslider.cpp:315 EV: Set Volume" 
Debug: "15:13:21 ..\..\src\propertyslider.cpp:315 EV: Set Volume" 
Debug: "15:13:21 ..\..\src\propertyslider.cpp:315 EV: Set Volume" 
Debug: "15:13:21 ..\..\src\propertyslider.cpp:315 EV: Set Volume" 
Debug: "15:13:21 ..\..\src\propertyslider.cpp:315 EV: Set Volume" 
Debug: "15:13:21 ..\..\src\propertyslider.cpp:315 EV: Set Volume" 
Debug: "15:13:21 ..\..\src\propertyslider.cpp:315 EV: Set Volume" 
Debug: "15:13:21 ..\..\src\propertyslider.cpp:315 EV: Set Volume" 
Debug: "15:13:21 ..\..\src\propertyslider.cpp:315 EV: Set Volume" 
Debug: "15:13:21 ..\..\src\propertyslider.cpp:315 EV: Set Volume" 
Debug: "15:13:21 ..\..\src\propertyslider.cpp:315 EV: Set Volume" 
Debug: "15:13:34 ..\..\src\propertyeditor.cpp:4234 ER: Set Mode" 
Debug: 
Building project 'skin_collector'...
Debug: Building project C:\Program Files (x86)\Steam\steamapps\common\Don't Starve Together\mods\QuestsCherry\sound\skin_collector.fev...
Debug: Unique sound defs 1/1
Debug: Retrieving sound file info...
Debug: Retrieving reverb info...
Debug: FEV file written ok
Debug: Unique Envelope Points: 0 of 0
Debug: Unique Strings: 51 characters of 51
Debug: Caching sound file details for ''...
Debug: ..\..\..\..\..\..\..\..\users\thero\desktop\custom\sounds\skin_collector_talk 1.mp3
Debug: ..\..\..\..\..\..\..\..\users\thero\desktop\custom\sounds\skin_collector_talk 10.mp3
Debug: ..\..\..\..\..\..\..\..\users\thero\desktop\custom\sounds\skin_collector_talk 11.mp3
Debug: ..\..\..\..\..\..\..\..\users\thero\desktop\custom\sounds\skin_collector_talk 2.mp3
Debug: ..\..\..\..\..\..\..\..\users\thero\desktop\custom\sounds\skin_collector_talk 3.mp3
Debug: ..\..\..\..\..\..\..\..\users\thero\desktop\custom\sounds\skin_collector_talk 4.mp3
Debug: ..\..\..\..\..\..\..\..\users\thero\desktop\custom\sounds\skin_collector_talk 5.mp3
Debug: ..\..\..\..\..\..\..\..\users\thero\desktop\custom\sounds\skin_collector_talk 6.mp3
Debug: ..\..\..\..\..\..\..\..\users\thero\desktop\custom\sounds\skin_collector_talk 7.mp3
Debug: ..\..\..\..\..\..\..\..\users\thero\desktop\custom\sounds\skin_collector_talk 8.mp3
Debug: ..\..\..\..\..\..\..\..\users\thero\desktop\custom\sounds\skin_collector_talk 9.mp3
Debug: Building 'skin_collector.fsb'
Debug: Encoded C:\Program Files (x86)\Steam\steamapps\common\Don't Starve Together\mods\QuestsCherry\sound\..\..\..\..\..\..\..\..\users\thero\desktop\custom\sounds\skin_collector_talk 1.mp3
Debug: Encoded C:\Program Files (x86)\Steam\steamapps\common\Don't Starve Together\mods\QuestsCherry\sound\..\..\..\..\..\..\..\..\users\thero\desktop\custom\sounds\skin_collector_talk 10.mp3
Debug: Encoded C:\Program Files (x86)\Steam\steamapps\common\Don't Starve Together\mods\QuestsCherry\sound\..\..\..\..\..\..\..\..\users\thero\desktop\custom\sounds\skin_collector_talk 2.mp3
Debug: Encoded C:\Program Files (x86)\Steam\steamapps\common\Don't Starve Together\mods\QuestsCherry\sound\..\..\..\..\..\..\..\..\users\thero\desktop\custom\sounds\skin_collector_talk 11.mp3
Debug: Encoded C:\Program Files (x86)\Steam\steamapps\common\Don't Starve Together\mods\QuestsCherry\sound\..\..\..\..\..\..\..\..\users\thero\desktop\custom\sounds\skin_collector_talk 4.mp3
Debug: Encoded C:\Program Files (x86)\Steam\steamapps\common\Don't Starve Together\mods\QuestsCherry\sound\..\..\..\..\..\..\..\..\users\thero\desktop\custom\sounds\skin_collector_talk 3.mp3
Debug: Encoded C:\Program Files (x86)\Steam\steamapps\common\Don't Starve Together\mods\QuestsCherry\sound\..\..\..\..\..\..\..\..\users\thero\desktop\custom\sounds\skin_collector_talk 5.mp3
Debug: Encoded C:\Program Files (x86)\Steam\steamapps\common\Don't Starve Together\mods\QuestsCherry\sound\..\..\..\..\..\..\..\..\users\thero\desktop\custom\sounds\skin_collector_talk 6.mp3
Debug: Encoded C:\Program Files (x86)\Steam\steamapps\common\Don't Starve Together\mods\QuestsCherry\sound\..\..\..\..\..\..\..\..\users\thero\desktop\custom\sounds\skin_collector_talk 7.mp3
Debug: Encoded C:\Program Files (x86)\Steam\steamapps\common\Don't Starve Together\mods\QuestsCherry\sound\..\..\..\..\..\..\..\..\users\thero\desktop\custom\sounds\skin_collector_talk 8.mp3
Debug: Encoded C:\Program Files (x86)\Steam\steamapps\common\Don't Starve Together\mods\QuestsCherry\sound\..\..\..\..\..\..\..\..\users\thero\desktop\custom\sounds\skin_collector_talk 9.mp3
Debug: Writing FSB...
Debug: Finished building FSB
Debug: 
Debug: 
Summary of build:
SUCCESS: C:/Program Files (x86)/Steam/steamapps/common/Don't Starve Together/mods/QuestsCherry/sound/skin_collector.fev
SUCCESS: skin_collector.fsb
Debug: "15:16:08 ..\..\src\propertyeditor.cpp:4234 ER: Set Mode" 
Debug: "15:16:18 ..\..\src\propertyeditor.cpp:2619 EO: Set x 3D Min Distance" 
Debug: "15:16:21 ..\..\src\propertyeditor.cpp:2619 EO: Set x 3D Min Distance" 
Debug: "15:16:41 ..\..\src\propertyeditor.cpp:4234 ER: Set x 3D Position" 
Debug: 
Building project 'skin_collector'...
Debug: Building project C:\Program Files (x86)\Steam\steamapps\common\Don't Starve Together\mods\QuestsCherry\sound\skin_collector.fev...
Debug: Unique sound defs 1/1
Debug: Retrieving sound file info...
Debug: Retrieving reverb info...
Debug: FEV file written ok
Debug: Unique Envelope Points: 0 of 0
Debug: Unique Strings: 51 characters of 51
Debug: Caching sound file details for ''...
Debug: ..\..\..\..\..\..\..\..\users\thero\desktop\custom\sounds\skin_collector_talk 1.mp3
Debug: ..\..\..\..\..\..\..\..\users\thero\desktop\custom\sounds\skin_collector_talk 10.mp3
Debug: ..\..\..\..\..\..\..\..\users\thero\desktop\custom\sounds\skin_collector_talk 11.mp3
Debug: ..\..\..\..\..\..\..\..\users\thero\desktop\custom\sounds\skin_collector_talk 2.mp3
Debug: ..\..\..\..\..\..\..\..\users\thero\desktop\custom\sounds\skin_collector_talk 3.mp3
Debug: ..\..\..\..\..\..\..\..\users\thero\desktop\custom\sounds\skin_collector_talk 4.mp3
Debug: ..\..\..\..\..\..\..\..\users\thero\desktop\custom\sounds\skin_collector_talk 5.mp3
Debug: ..\..\..\..\..\..\..\..\users\thero\desktop\custom\sounds\skin_collector_talk 6.mp3
Debug: ..\..\..\..\..\..\..\..\users\thero\desktop\custom\sounds\skin_collector_talk 7.mp3
Debug: ..\..\..\..\..\..\..\..\users\thero\desktop\custom\sounds\skin_collector_talk 8.mp3
Debug: ..\..\..\..\..\..\..\..\users\thero\desktop\custom\sounds\skin_collector_talk 9.mp3
Debug: Building 'skin_collector.fsb'
Debug: Encoded C:\Program Files (x86)\Steam\steamapps\common\Don't Starve Together\mods\QuestsCherry\sound\..\..\..\..\..\..\..\..\users\thero\desktop\custom\sounds\skin_collector_talk 10.mp3
Debug: Encoded C:\Program Files (x86)\Steam\steamapps\common\Don't Starve Together\mods\QuestsCherry\sound\..\..\..\..\..\..\..\..\users\thero\desktop\custom\sounds\skin_collector_talk 1.mp3
Debug: Encoded C:\Program Files (x86)\Steam\steamapps\common\Don't Starve Together\mods\QuestsCherry\sound\..\..\..\..\..\..\..\..\users\thero\desktop\custom\sounds\skin_collector_talk 11.mp3
Debug: Encoded C:\Program Files (x86)\Steam\steamapps\common\Don't Starve Together\mods\QuestsCherry\sound\..\..\..\..\..\..\..\..\users\thero\desktop\custom\sounds\skin_collector_talk 2.mp3
Debug: Encoded C:\Program Files (x86)\Steam\steamapps\common\Don't Starve Together\mods\QuestsCherry\sound\..\..\..\..\..\..\..\..\users\thero\desktop\custom\sounds\skin_collector_talk 4.mp3
Debug: Encoded C:\Program Files (x86)\Steam\steamapps\common\Don't Starve Together\mods\QuestsCherry\sound\..\..\..\..\..\..\..\..\users\thero\desktop\custom\sounds\skin_collector_talk 3.mp3
Debug: Encoded C:\Program Files (x86)\Steam\steamapps\common\Don't Starve Together\mods\QuestsCherry\sound\..\..\..\..\..\..\..\..\users\thero\desktop\custom\sounds\skin_collector_talk 6.mp3
Debug: Encoded C:\Program Files (x86)\Steam\steamapps\common\Don't Starve Together\mods\QuestsCherry\sound\..\..\..\..\..\..\..\..\users\thero\desktop\custom\sounds\skin_collector_talk 5.mp3
Debug: Encoded C:\Program Files (x86)\Steam\steamapps\common\Don't Starve Together\mods\QuestsCherry\sound\..\..\..\..\..\..\..\..\users\thero\desktop\custom\sounds\skin_collector_talk 7.mp3
Debug: Encoded C:\Program Files (x86)\Steam\steamapps\common\Don't Starve Together\mods\QuestsCherry\sound\..\..\..\..\..\..\..\..\users\thero\desktop\custom\sounds\skin_collector_talk 8.mp3
Debug: Encoded C:\Program Files (x86)\Steam\steamapps\common\Don't Starve Together\mods\QuestsCherry\sound\..\..\..\..\..\..\..\..\users\thero\desktop\custom\sounds\skin_collector_talk 9.mp3
Debug: Writing FSB...
Debug: Finished building FSB
Debug: 
Debug: 
Summary of build:
SUCCESS: C:/Program Files (x86)/Steam/steamapps/common/Don't Starve Together/mods/QuestsCherry/sound/skin_collector.fev
SUCCESS: skin_collector.fsb
Debug: "15:19:17 ..\..\src\propertyeditor.cpp:2619 EO: Set x 3D Max Distance" 
Debug: 
Building project 'skin_collector'...
Debug: Building project C:\Program Files (x86)\Steam\steamapps\common\Don't Starve Together\mods\QuestsCherry\sound\skin_collector.fev...
Debug: Unique sound defs 1/1
Debug: Retrieving sound file info...
Debug: Retrieving reverb info...
Debug: FEV file written ok
Debug: Unique Envelope Points: 0 of 0
Debug: Unique Strings: 51 characters of 51
Debug: Caching sound file details for ''...
Debug: ..\..\..\..\..\..\..\..\users\thero\desktop\custom\sounds\skin_collector_talk 1.mp3
Debug: ..\..\..\..\..\..\..\..\users\thero\desktop\custom\sounds\skin_collector_talk 10.mp3
Debug: ..\..\..\..\..\..\..\..\users\thero\desktop\custom\sounds\skin_collector_talk 11.mp3
Debug: ..\..\..\..\..\..\..\..\users\thero\desktop\custom\sounds\skin_collector_talk 2.mp3
Debug: ..\..\..\..\..\..\..\..\users\thero\desktop\custom\sounds\skin_collector_talk 3.mp3
Debug: ..\..\..\..\..\..\..\..\users\thero\desktop\custom\sounds\skin_collector_talk 4.mp3
Debug: ..\..\..\..\..\..\..\..\users\thero\desktop\custom\sounds\skin_collector_talk 5.mp3
Debug: ..\..\..\..\..\..\..\..\users\thero\desktop\custom\sounds\skin_collector_talk 6.mp3
Debug: ..\..\..\..\..\..\..\..\users\thero\desktop\custom\sounds\skin_collector_talk 7.mp3
Debug: ..\..\..\..\..\..\..\..\users\thero\desktop\custom\sounds\skin_collector_talk 8.mp3
Debug: ..\..\..\..\..\..\..\..\users\thero\desktop\custom\sounds\skin_collector_talk 9.mp3
Debug: Building 'skin_collector.fsb'
Debug: Encoded C:\Program Files (x86)\Steam\steamapps\common\Don't Starve Together\mods\QuestsCherry\sound\..\..\..\..\..\..\..\..\users\thero\desktop\custom\sounds\skin_collector_talk 10.mp3
Debug: Encoded C:\Program Files (x86)\Steam\steamapps\common\Don't Starve Together\mods\QuestsCherry\sound\..\..\..\..\..\..\..\..\users\thero\desktop\custom\sounds\skin_collector_talk 1.mp3
Debug: Encoded C:\Program Files (x86)\Steam\steamapps\common\Don't Starve Together\mods\QuestsCherry\sound\..\..\..\..\..\..\..\..\users\thero\desktop\custom\sounds\skin_collector_talk 11.mp3
Debug: Encoded C:\Program Files (x86)\Steam\steamapps\common\Don't Starve Together\mods\QuestsCherry\sound\..\..\..\..\..\..\..\..\users\thero\desktop\custom\sounds\skin_collector_talk 2.mp3
Debug: Encoded C:\Program Files (x86)\Steam\steamapps\common\Don't Starve Together\mods\QuestsCherry\sound\..\..\..\..\..\..\..\..\users\thero\desktop\custom\sounds\skin_collector_talk 3.mp3
Debug: Encoded C:\Program Files (x86)\Steam\steamapps\common\Don't Starve Together\mods\QuestsCherry\sound\..\..\..\..\..\..\..\..\users\thero\desktop\custom\sounds\skin_collector_talk 4.mp3
Debug: Encoded C:\Program Files (x86)\Steam\steamapps\common\Don't Starve Together\mods\QuestsCherry\sound\..\..\..\..\..\..\..\..\users\thero\desktop\custom\sounds\skin_collector_talk 5.mp3
Debug: Encoded C:\Program Files (x86)\Steam\steamapps\common\Don't Starve Together\mods\QuestsCherry\sound\..\..\..\..\..\..\..\..\users\thero\desktop\custom\sounds\skin_collector_talk 6.mp3
Debug: Encoded C:\Program Files (x86)\Steam\steamapps\common\Don't Starve Together\mods\QuestsCherry\sound\..\..\..\..\..\..\..\..\users\thero\desktop\custom\sounds\skin_collector_talk 8.mp3
Debug: Encoded C:\Program Files (x86)\Steam\steamapps\common\Don't Starve Together\mods\QuestsCherry\sound\..\..\..\..\..\..\..\..\users\thero\desktop\custom\sounds\skin_collector_talk 7.mp3
Debug: Encoded C:\Program Files (x86)\Steam\steamapps\common\Don't Starve Together\mods\QuestsCherry\sound\..\..\..\..\..\..\..\..\users\thero\desktop\custom\sounds\skin_collector_talk 9.mp3
Debug: Writing FSB...
Debug: Finished building FSB
Debug: 
Debug: 
Summary of build:
SUCCESS: C:/Program Files (x86)/Steam/steamapps/common/Don't Starve Together/mods/QuestsCherry/sound/skin_collector.fev
SUCCESS: skin_collector.fsb
Debug: 
Building project 'skin_collector'...
Debug: Building project C:\Program Files (x86)\Steam\steamapps\common\Don't Starve Together\mods\QuestsCherry\sound\skin_collector.fev...
Debug: Unique sound defs 1/1
Debug: Retrieving sound file info...
Debug: Retrieving reverb info...
Debug: FEV file written ok
Debug: Unique Envelope Points: 0 of 0
Debug: Unique Strings: 51 characters of 51
Debug: Caching sound file details for ''...
Debug: ..\..\..\..\..\..\..\..\users\thero\desktop\custom\sounds\skin_collector_talk 1.mp3
Debug: ..\..\..\..\..\..\..\..\users\thero\desktop\custom\sounds\skin_collector_talk 10.mp3
Debug: ..\..\..\..\..\..\..\..\users\thero\desktop\custom\sounds\skin_collector_talk 11.mp3
Debug: ..\..\..\..\..\..\..\..\users\thero\desktop\custom\sounds\skin_collector_talk 2.mp3
Debug: ..\..\..\..\..\..\..\..\users\thero\desktop\custom\sounds\skin_collector_talk 3.mp3
Debug: ..\..\..\..\..\..\..\..\users\thero\desktop\custom\sounds\skin_collector_talk 4.mp3
Debug: ..\..\..\..\..\..\..\..\users\thero\desktop\custom\sounds\skin_collector_talk 5.mp3
Debug: ..\..\..\..\..\..\..\..\users\thero\desktop\custom\sounds\skin_collector_talk 6.mp3
Debug: ..\..\..\..\..\..\..\..\users\thero\desktop\custom\sounds\skin_collector_talk 7.mp3
Debug: ..\..\..\..\..\..\..\..\users\thero\desktop\custom\sounds\skin_collector_talk 8.mp3
Debug: ..\..\..\..\..\..\..\..\users\thero\desktop\custom\sounds\skin_collector_talk 9.mp3
Debug: Building 'skin_collector.fsb'
Debug: Encoded C:\Program Files (x86)\Steam\steamapps\common\Don't Starve Together\mods\QuestsCherry\sound\..\..\..\..\..\..\..\..\users\thero\desktop\custom\sounds\skin_collector_talk 1.mp3
Debug: Encoded C:\Program Files (x86)\Steam\steamapps\common\Don't Starve Together\mods\QuestsCherry\sound\..\..\..\..\..\..\..\..\users\thero\desktop\custom\sounds\skin_collector_talk 10.mp3
Debug: Encoded C:\Program Files (x86)\Steam\steamapps\common\Don't Starve Together\mods\QuestsCherry\sound\..\..\..\..\..\..\..\..\users\thero\desktop\custom\sounds\skin_collector_talk 11.mp3
Debug: Encoded C:\Program Files (x86)\Steam\steamapps\common\Don't Starve Together\mods\QuestsCherry\sound\..\..\..\..\..\..\..\..\users\thero\desktop\custom\sounds\skin_collector_talk 2.mp3
Debug: Encoded C:\Program Files (x86)\Steam\steamapps\common\Don't Starve Together\mods\QuestsCherry\sound\..\..\..\..\..\..\..\..\users\thero\desktop\custom\sounds\skin_collector_talk 3.mp3
Debug: Encoded C:\Program Files (x86)\Steam\steamapps\common\Don't Starve Together\mods\QuestsCherry\sound\..\..\..\..\..\..\..\..\users\thero\desktop\custom\sounds\skin_collector_talk 4.mp3
Debug: Encoded C:\Program Files (x86)\Steam\steamapps\common\Don't Starve Together\mods\QuestsCherry\sound\..\..\..\..\..\..\..\..\users\thero\desktop\custom\sounds\skin_collector_talk 5.mp3
Debug: Encoded C:\Program Files (x86)\Steam\steamapps\common\Don't Starve Together\mods\QuestsCherry\sound\..\..\..\..\..\..\..\..\users\thero\desktop\custom\sounds\skin_collector_talk 6.mp3
Debug: Encoded C:\Program Files (x86)\Steam\steamapps\common\Don't Starve Together\mods\QuestsCherry\sound\..\..\..\..\..\..\..\..\users\thero\desktop\custom\sounds\skin_collector_talk 7.mp3
Debug: Encoded C:\Program Files (x86)\Steam\steamapps\common\Don't Starve Together\mods\QuestsCherry\sound\..\..\..\..\..\..\..\..\users\thero\desktop\custom\sounds\skin_collector_talk 8.mp3
Debug: Encoded C:\Program Files (x86)\Steam\steamapps\common\Don't Starve Together\mods\QuestsCherry\sound\..\..\..\..\..\..\..\..\users\thero\desktop\custom\sounds\skin_collector_talk 9.mp3
Debug: Writing FSB...
Debug: Finished building FSB
Debug: 
Debug: 
Summary of build:
SUCCESS: C:/Program Files (x86)/Steam/steamapps/common/Don't Starve Together/mods/QuestsCherry/sound/skin_collector.fev
SUCCESS: skin_collector.fsb
